[32m14/11 13:44[0m [1;30mWARNING[0m [33mFrom /home/jetson/wilfried/GazeML/src/core/summary_manager.py:113: The name tf.summary.image is deprecated. Please use tf.compat.v1.summary.image instead.
[0m
[32m14/11 13:44[0m [1;30mWARNING[0m [33m
The TensorFlow contrib module will not be included in TensorFlow 2.0.
For more information, please see:
  * https://github.com/tensorflow/community/blob/master/rfcs/20180907-contrib-sunset.md
  * https://github.com/tensorflow/addons
  * https://github.com/tensorflow/io (for I/O related ops)
If you depend on functionality not listed there, please file an issue.
[0m
[32m14/11 13:44[0m [1;30mWARNING[0m [33mFrom /home/jetson/wilfried/GazeML/src/models/elg.py:151: conv2d (from tensorflow.python.layers.convolutional) is deprecated and will be removed in a future version.
Instructions for updating:
Use `tf.keras.layers.Conv2D` instead.[0m
[32m14/11 13:44[0m [1;30mWARNING[0m [33mFrom /home/jetson/wilfried/GazeML/src/models/elg.py:172: max_pooling2d (from tensorflow.python.layers.pooling) is deprecated and will be removed in a future version.
Instructions for updating:
Use keras.layers.MaxPooling2D instead.[0m
[32m14/11 13:44[0m [1;30mWARNING[0m [33mFrom /home/jetson/wilfried/GazeML/src/models/elg.py:237: The name tf.image.resize_bilinear is deprecated. Please use tf.compat.v1.image.resize_bilinear instead.
[0m
[32m14/11 13:45[0m [1;30mWARNING[0m [33mFrom /usr/local/lib/python3.6/dist-packages/tensorflow/contrib/layers/python/layers/layers.py:1637: flatten (from tensorflow.python.layers.core) is deprecated and will be removed in a future version.
Instructions for updating:
Use keras.layers.flatten instead.[0m
[32m14/11 13:45[0m [1;30mWARNING[0m [33mFrom /home/jetson/wilfried/GazeML/src/models/elg.py:162: dense (from tensorflow.python.layers.core) is deprecated and will be removed in a future version.
Instructions for updating:
Use keras.layers.dense instead.[0m
[32m14/11 13:45[0m [1;30mWARNING[0m [33mFrom /home/jetson/wilfried/GazeML/src/core/summary_manager.py:103: The name tf.summary.histogram is deprecated. Please use tf.compat.v1.summary.histogram instead.
[0m
[32m14/11 13:45[0m [1;30mINFO[0m Built model.
[32m14/11 13:45[0m [1;30mWARNING[0m [33mFrom /home/jetson/wilfried/GazeML/src/core/model.py:188: The name tf.profiler.profile is deprecated. Please use tf.compat.v1.profiler.profile instead.
[0m
[32m14/11 13:45[0m [1;30mWARNING[0m [33mFrom /home/jetson/wilfried/GazeML/src/core/model.py:189: The name tf.profiler.ProfileOptionBuilder is deprecated. Please use tf.compat.v1.profiler.ProfileOptionBuilder instead.
[0m
[32m14/11 13:45[0m [1;30mWARNING[0m [33mFrom /usr/local/lib/python3.6/dist-packages/tensorflow/python/profiler/internal/flops_registry.py:243: tensor_shape_from_node_def_name (from tensorflow.python.framework.graph_util_impl) is deprecated and will be removed in a future version.
Instructions for updating:
Use `tf.compat.v1.graph_util.tensor_shape_from_node_def_name`[0m
[32m14/11 13:46[0m [1;30mINFO[0m ------------------------------
[32m14/11 13:46[0m [1;30mINFO[0m  Approximate Model Statistics 
[32m14/11 13:46[0m [1;30mINFO[0m ------------------------------
[32m14/11 13:46[0m [1;30mINFO[0m FLOPS per input: 205,323,382.0
[32m14/11 13:46[0m [1;30mINFO[0m Trainable Parameters: 150,813
[32m14/11 13:46[0m [1;30mINFO[0m ------------------------------
[32m14/11 13:46[0m [1;30mWARNING[0m [33mFrom /home/jetson/wilfried/GazeML/src/core/checkpoint_manager.py:45: The name tf.train.Saver is deprecated. Please use tf.compat.v1.train.Saver instead.
[0m
[32m14/11 13:46[0m [1;30mWARNING[0m [33mFrom /usr/local/lib/python3.6/dist-packages/tensorflow/python/training/saver.py:1276: checkpoint_exists (from tensorflow.python.training.checkpoint_management) is deprecated and will be removed in a future version.
Instructions for updating:
Use standard file APIs to check for files with this prefix.[0m
[32m14/11 13:46[0m [1;30mINFO[0m Restoring parameters from /home/jetson/wilfried/GazeML/outputs/ELG_i60x36_f60x36_n32_m2/checkpoints/hourglass/model-4672654
[32m14/11 13:46[0m [1;30mINFO[0m Restoring parameters from /home/jetson/wilfried/GazeML/outputs/ELG_i60x36_f60x36_n32_m2/checkpoints/radius/model-4672654
[32m15/11 09:48[0m [1;30mWARNING[0m [33mFrom /home/jetson/wilfried/GazeML/src/core/summary_manager.py:113: The name tf.summary.image is deprecated. Please use tf.compat.v1.summary.image instead.
[0m
[32m15/11 09:48[0m [1;30mWARNING[0m [33m
The TensorFlow contrib module will not be included in TensorFlow 2.0.
For more information, please see:
  * https://github.com/tensorflow/community/blob/master/rfcs/20180907-contrib-sunset.md
  * https://github.com/tensorflow/addons
  * https://github.com/tensorflow/io (for I/O related ops)
If you depend on functionality not listed there, please file an issue.
[0m
[32m15/11 09:48[0m [1;30mWARNING[0m [33mFrom /home/jetson/wilfried/GazeML/src/models/elg.py:151: conv2d (from tensorflow.python.layers.convolutional) is deprecated and will be removed in a future version.
Instructions for updating:
Use `tf.keras.layers.Conv2D` instead.[0m
[32m15/11 09:48[0m [1;30mWARNING[0m [33mFrom /home/jetson/wilfried/GazeML/src/models/elg.py:172: max_pooling2d (from tensorflow.python.layers.pooling) is deprecated and will be removed in a future version.
Instructions for updating:
Use keras.layers.MaxPooling2D instead.[0m
[32m15/11 09:49[0m [1;30mWARNING[0m [33mFrom /home/jetson/wilfried/GazeML/src/models/elg.py:237: The name tf.image.resize_bilinear is deprecated. Please use tf.compat.v1.image.resize_bilinear instead.
[0m
[32m15/11 09:49[0m [1;30mWARNING[0m [33mFrom /usr/local/lib/python3.6/dist-packages/tensorflow/contrib/layers/python/layers/layers.py:1637: flatten (from tensorflow.python.layers.core) is deprecated and will be removed in a future version.
Instructions for updating:
Use keras.layers.flatten instead.[0m
[32m15/11 09:49[0m [1;30mWARNING[0m [33mFrom /home/jetson/wilfried/GazeML/src/models/elg.py:162: dense (from tensorflow.python.layers.core) is deprecated and will be removed in a future version.
Instructions for updating:
Use keras.layers.dense instead.[0m
[32m15/11 09:49[0m [1;30mWARNING[0m [33mFrom /home/jetson/wilfried/GazeML/src/core/summary_manager.py:103: The name tf.summary.histogram is deprecated. Please use tf.compat.v1.summary.histogram instead.
[0m
[32m15/11 09:49[0m [1;30mINFO[0m Built model.
[32m15/11 09:49[0m [1;30mWARNING[0m [33mFrom /home/jetson/wilfried/GazeML/src/core/model.py:188: The name tf.profiler.profile is deprecated. Please use tf.compat.v1.profiler.profile instead.
[0m
[32m15/11 09:49[0m [1;30mWARNING[0m [33mFrom /home/jetson/wilfried/GazeML/src/core/model.py:189: The name tf.profiler.ProfileOptionBuilder is deprecated. Please use tf.compat.v1.profiler.ProfileOptionBuilder instead.
[0m
[32m15/11 09:49[0m [1;30mWARNING[0m [33mFrom /usr/local/lib/python3.6/dist-packages/tensorflow/python/profiler/internal/flops_registry.py:243: tensor_shape_from_node_def_name (from tensorflow.python.framework.graph_util_impl) is deprecated and will be removed in a future version.
Instructions for updating:
Use `tf.compat.v1.graph_util.tensor_shape_from_node_def_name`[0m
[32m15/11 09:50[0m [1;30mINFO[0m ------------------------------
[32m15/11 09:50[0m [1;30mINFO[0m  Approximate Model Statistics 
[32m15/11 09:50[0m [1;30mINFO[0m ------------------------------
[32m15/11 09:50[0m [1;30mINFO[0m FLOPS per input: 205,137,270.0
[32m15/11 09:50[0m [1;30mINFO[0m Trainable Parameters: 150,813
[32m15/11 09:50[0m [1;30mINFO[0m ------------------------------
[32m15/11 09:50[0m [1;30mWARNING[0m [33mFrom /home/jetson/wilfried/GazeML/src/core/checkpoint_manager.py:45: The name tf.train.Saver is deprecated. Please use tf.compat.v1.train.Saver instead.
[0m
[32m15/11 09:50[0m [1;30mWARNING[0m [33mFrom /usr/local/lib/python3.6/dist-packages/tensorflow/python/training/saver.py:1276: checkpoint_exists (from tensorflow.python.training.checkpoint_management) is deprecated and will be removed in a future version.
Instructions for updating:
Use standard file APIs to check for files with this prefix.[0m
[32m15/11 09:50[0m [1;30mINFO[0m Restoring parameters from /home/jetson/wilfried/GazeML/outputs/ELG_i60x36_f60x36_n32_m2/checkpoints/hourglass/model-4672654
[32m15/11 09:50[0m [1;30mINFO[0m Restoring parameters from /home/jetson/wilfried/GazeML/outputs/ELG_i60x36_f60x36_n32_m2/checkpoints/radius/model-4672654
[32m15/11 10:05[0m [1;30mWARNING[0m [33mFrom /home/jetson/wilfried/GazeML/src/core/summary_manager.py:113: The name tf.summary.image is deprecated. Please use tf.compat.v1.summary.image instead.
[0m
[32m15/11 10:06[0m [1;30mWARNING[0m [33m
The TensorFlow contrib module will not be included in TensorFlow 2.0.
For more information, please see:
  * https://github.com/tensorflow/community/blob/master/rfcs/20180907-contrib-sunset.md
  * https://github.com/tensorflow/addons
  * https://github.com/tensorflow/io (for I/O related ops)
If you depend on functionality not listed there, please file an issue.
[0m
[32m15/11 10:06[0m [1;30mWARNING[0m [33mFrom /home/jetson/wilfried/GazeML/src/models/elg.py:151: conv2d (from tensorflow.python.layers.convolutional) is deprecated and will be removed in a future version.
Instructions for updating:
Use `tf.keras.layers.Conv2D` instead.[0m
[32m15/11 10:06[0m [1;30mWARNING[0m [33mFrom /home/jetson/wilfried/GazeML/src/models/elg.py:172: max_pooling2d (from tensorflow.python.layers.pooling) is deprecated and will be removed in a future version.
Instructions for updating:
Use keras.layers.MaxPooling2D instead.[0m
[32m15/11 10:06[0m [1;30mWARNING[0m [33mFrom /home/jetson/wilfried/GazeML/src/models/elg.py:237: The name tf.image.resize_bilinear is deprecated. Please use tf.compat.v1.image.resize_bilinear instead.
[0m
[32m15/11 10:07[0m [1;30mWARNING[0m [33mFrom /usr/local/lib/python3.6/dist-packages/tensorflow/contrib/layers/python/layers/layers.py:1637: flatten (from tensorflow.python.layers.core) is deprecated and will be removed in a future version.
Instructions for updating:
Use keras.layers.flatten instead.[0m
[32m15/11 10:07[0m [1;30mWARNING[0m [33mFrom /home/jetson/wilfried/GazeML/src/models/elg.py:162: dense (from tensorflow.python.layers.core) is deprecated and will be removed in a future version.
Instructions for updating:
Use keras.layers.dense instead.[0m
[32m15/11 10:07[0m [1;30mWARNING[0m [33mFrom /home/jetson/wilfried/GazeML/src/core/summary_manager.py:103: The name tf.summary.histogram is deprecated. Please use tf.compat.v1.summary.histogram instead.
[0m
[32m15/11 10:07[0m [1;30mINFO[0m Built model.
[32m15/11 10:07[0m [1;30mWARNING[0m [33mFrom /home/jetson/wilfried/GazeML/src/core/model.py:188: The name tf.profiler.profile is deprecated. Please use tf.compat.v1.profiler.profile instead.
[0m
[32m15/11 10:07[0m [1;30mWARNING[0m [33mFrom /home/jetson/wilfried/GazeML/src/core/model.py:189: The name tf.profiler.ProfileOptionBuilder is deprecated. Please use tf.compat.v1.profiler.ProfileOptionBuilder instead.
[0m
[32m15/11 10:07[0m [1;30mWARNING[0m [33mFrom /usr/local/lib/python3.6/dist-packages/tensorflow/python/profiler/internal/flops_registry.py:243: tensor_shape_from_node_def_name (from tensorflow.python.framework.graph_util_impl) is deprecated and will be removed in a future version.
Instructions for updating:
Use `tf.compat.v1.graph_util.tensor_shape_from_node_def_name`[0m
[32m15/11 10:08[0m [1;30mINFO[0m ------------------------------
[32m15/11 10:08[0m [1;30mINFO[0m  Approximate Model Statistics 
[32m15/11 10:08[0m [1;30mINFO[0m ------------------------------
[32m15/11 10:08[0m [1;30mINFO[0m FLOPS per input: 205,137,270.0
[32m15/11 10:08[0m [1;30mINFO[0m Trainable Parameters: 150,813
[32m15/11 10:08[0m [1;30mINFO[0m ------------------------------
[32m15/11 10:08[0m [1;30mWARNING[0m [33mFrom /home/jetson/wilfried/GazeML/src/core/checkpoint_manager.py:45: The name tf.train.Saver is deprecated. Please use tf.compat.v1.train.Saver instead.
[0m
[32m15/11 10:08[0m [1;30mWARNING[0m [33mFrom /usr/local/lib/python3.6/dist-packages/tensorflow/python/training/saver.py:1276: checkpoint_exists (from tensorflow.python.training.checkpoint_management) is deprecated and will be removed in a future version.
Instructions for updating:
Use standard file APIs to check for files with this prefix.[0m
[32m15/11 10:08[0m [1;30mINFO[0m Restoring parameters from /home/jetson/wilfried/GazeML/outputs/ELG_i60x36_f60x36_n32_m2/checkpoints/hourglass/model-4672654
[32m15/11 10:08[0m [1;30mINFO[0m Restoring parameters from /home/jetson/wilfried/GazeML/outputs/ELG_i60x36_f60x36_n32_m2/checkpoints/radius/model-4672654
[32m18/11 11:47[0m [1;30mWARNING[0m [33mFrom /home/jetson/wilfried/GazeML/src/core/summary_manager.py:113: The name tf.summary.image is deprecated. Please use tf.compat.v1.summary.image instead.
[0m
[32m18/11 11:47[0m [1;30mWARNING[0m [33m
The TensorFlow contrib module will not be included in TensorFlow 2.0.
For more information, please see:
  * https://github.com/tensorflow/community/blob/master/rfcs/20180907-contrib-sunset.md
  * https://github.com/tensorflow/addons
  * https://github.com/tensorflow/io (for I/O related ops)
If you depend on functionality not listed there, please file an issue.
[0m
[32m18/11 11:47[0m [1;30mWARNING[0m [33mFrom /home/jetson/wilfried/GazeML/src/models/elg.py:151: conv2d (from tensorflow.python.layers.convolutional) is deprecated and will be removed in a future version.
Instructions for updating:
Use `tf.keras.layers.Conv2D` instead.[0m
[32m18/11 11:47[0m [1;30mWARNING[0m [33mFrom /home/jetson/wilfried/GazeML/src/models/elg.py:172: max_pooling2d (from tensorflow.python.layers.pooling) is deprecated and will be removed in a future version.
Instructions for updating:
Use keras.layers.MaxPooling2D instead.[0m
[32m18/11 11:48[0m [1;30mWARNING[0m [33mFrom /home/jetson/wilfried/GazeML/src/models/elg.py:237: The name tf.image.resize_bilinear is deprecated. Please use tf.compat.v1.image.resize_bilinear instead.
[0m
[32m18/11 11:48[0m [1;30mWARNING[0m [33mFrom /usr/local/lib/python3.6/dist-packages/tensorflow/contrib/layers/python/layers/layers.py:1637: flatten (from tensorflow.python.layers.core) is deprecated and will be removed in a future version.
Instructions for updating:
Use keras.layers.flatten instead.[0m
[32m18/11 11:48[0m [1;30mWARNING[0m [33mFrom /home/jetson/wilfried/GazeML/src/models/elg.py:162: dense (from tensorflow.python.layers.core) is deprecated and will be removed in a future version.
Instructions for updating:
Use keras.layers.dense instead.[0m
[32m18/11 11:48[0m [1;30mWARNING[0m [33mFrom /home/jetson/wilfried/GazeML/src/core/summary_manager.py:103: The name tf.summary.histogram is deprecated. Please use tf.compat.v1.summary.histogram instead.
[0m
[32m18/11 11:48[0m [1;30mINFO[0m Built model.
[32m18/11 11:48[0m [1;30mWARNING[0m [33mFrom /home/jetson/wilfried/GazeML/src/core/model.py:188: The name tf.profiler.profile is deprecated. Please use tf.compat.v1.profiler.profile instead.
[0m
[32m18/11 11:48[0m [1;30mWARNING[0m [33mFrom /home/jetson/wilfried/GazeML/src/core/model.py:189: The name tf.profiler.ProfileOptionBuilder is deprecated. Please use tf.compat.v1.profiler.ProfileOptionBuilder instead.
[0m
[32m18/11 11:48[0m [1;30mWARNING[0m [33mFrom /usr/local/lib/python3.6/dist-packages/tensorflow/python/profiler/internal/flops_registry.py:243: tensor_shape_from_node_def_name (from tensorflow.python.framework.graph_util_impl) is deprecated and will be removed in a future version.
Instructions for updating:
Use `tf.compat.v1.graph_util.tensor_shape_from_node_def_name`[0m
[32m18/11 11:49[0m [1;30mINFO[0m ------------------------------
[32m18/11 11:49[0m [1;30mINFO[0m  Approximate Model Statistics 
[32m18/11 11:49[0m [1;30mINFO[0m ------------------------------
[32m18/11 11:49[0m [1;30mINFO[0m FLOPS per input: 205,137,270.0
[32m18/11 11:49[0m [1;30mINFO[0m Trainable Parameters: 150,813
[32m18/11 11:49[0m [1;30mINFO[0m ------------------------------
[32m18/11 11:49[0m [1;30mWARNING[0m [33mFrom /home/jetson/wilfried/GazeML/src/core/checkpoint_manager.py:45: The name tf.train.Saver is deprecated. Please use tf.compat.v1.train.Saver instead.
[0m
[32m18/11 11:49[0m [1;30mWARNING[0m [33mFrom /usr/local/lib/python3.6/dist-packages/tensorflow/python/training/saver.py:1276: checkpoint_exists (from tensorflow.python.training.checkpoint_management) is deprecated and will be removed in a future version.
Instructions for updating:
Use standard file APIs to check for files with this prefix.[0m
[32m18/11 11:49[0m [1;30mINFO[0m Restoring parameters from /home/jetson/wilfried/GazeML/outputs/ELG_i60x36_f60x36_n32_m2/checkpoints/hourglass/model-4672654
[32m18/11 11:50[0m [1;30mINFO[0m Restoring parameters from /home/jetson/wilfried/GazeML/outputs/ELG_i60x36_f60x36_n32_m2/checkpoints/radius/model-4672654
[32m18/11 13:57[0m [1;30mWARNING[0m [33mFrom /home/jetson/wilfried/GazeML/src/core/summary_manager.py:113: The name tf.summary.image is deprecated. Please use tf.compat.v1.summary.image instead.
[0m
[32m18/11 13:57[0m [1;30mWARNING[0m [33m
The TensorFlow contrib module will not be included in TensorFlow 2.0.
For more information, please see:
  * https://github.com/tensorflow/community/blob/master/rfcs/20180907-contrib-sunset.md
  * https://github.com/tensorflow/addons
  * https://github.com/tensorflow/io (for I/O related ops)
If you depend on functionality not listed there, please file an issue.
[0m
[32m18/11 13:57[0m [1;30mWARNING[0m [33mFrom /home/jetson/wilfried/GazeML/src/models/elg.py:151: conv2d (from tensorflow.python.layers.convolutional) is deprecated and will be removed in a future version.
Instructions for updating:
Use `tf.keras.layers.Conv2D` instead.[0m
[32m18/11 13:58[0m [1;30mWARNING[0m [33mFrom /home/jetson/wilfried/GazeML/src/models/elg.py:172: max_pooling2d (from tensorflow.python.layers.pooling) is deprecated and will be removed in a future version.
Instructions for updating:
Use keras.layers.MaxPooling2D instead.[0m
[32m18/11 13:58[0m [1;30mWARNING[0m [33mFrom /home/jetson/wilfried/GazeML/src/models/elg.py:237: The name tf.image.resize_bilinear is deprecated. Please use tf.compat.v1.image.resize_bilinear instead.
[0m
[32m18/11 13:58[0m [1;30mWARNING[0m [33mFrom /usr/local/lib/python3.6/dist-packages/tensorflow/contrib/layers/python/layers/layers.py:1637: flatten (from tensorflow.python.layers.core) is deprecated and will be removed in a future version.
Instructions for updating:
Use keras.layers.flatten instead.[0m
[32m18/11 13:59[0m [1;30mWARNING[0m [33mFrom /home/jetson/wilfried/GazeML/src/models/elg.py:162: dense (from tensorflow.python.layers.core) is deprecated and will be removed in a future version.
Instructions for updating:
Use keras.layers.dense instead.[0m
[32m18/11 13:59[0m [1;30mWARNING[0m [33mFrom /home/jetson/wilfried/GazeML/src/core/summary_manager.py:103: The name tf.summary.histogram is deprecated. Please use tf.compat.v1.summary.histogram instead.
[0m
[32m18/11 13:59[0m [1;30mINFO[0m Built model.
[32m18/11 13:59[0m [1;30mWARNING[0m [33mFrom /home/jetson/wilfried/GazeML/src/core/model.py:188: The name tf.profiler.profile is deprecated. Please use tf.compat.v1.profiler.profile instead.
[0m
[32m18/11 13:59[0m [1;30mWARNING[0m [33mFrom /home/jetson/wilfried/GazeML/src/core/model.py:189: The name tf.profiler.ProfileOptionBuilder is deprecated. Please use tf.compat.v1.profiler.ProfileOptionBuilder instead.
[0m
[32m18/11 13:59[0m [1;30mWARNING[0m [33mFrom /usr/local/lib/python3.6/dist-packages/tensorflow/python/profiler/internal/flops_registry.py:243: tensor_shape_from_node_def_name (from tensorflow.python.framework.graph_util_impl) is deprecated and will be removed in a future version.
Instructions for updating:
Use `tf.compat.v1.graph_util.tensor_shape_from_node_def_name`[0m
[32m18/11 13:59[0m [1;30mINFO[0m ------------------------------
[32m18/11 13:59[0m [1;30mINFO[0m  Approximate Model Statistics 
[32m18/11 13:59[0m [1;30mINFO[0m ------------------------------
[32m18/11 13:59[0m [1;30mINFO[0m FLOPS per input: 205,137,270.0
[32m18/11 13:59[0m [1;30mINFO[0m Trainable Parameters: 150,813
[32m18/11 13:59[0m [1;30mINFO[0m ------------------------------
[32m18/11 13:59[0m [1;30mWARNING[0m [33mFrom /home/jetson/wilfried/GazeML/src/core/checkpoint_manager.py:45: The name tf.train.Saver is deprecated. Please use tf.compat.v1.train.Saver instead.
[0m
[32m18/11 14:00[0m [1;30mWARNING[0m [33mFrom /usr/local/lib/python3.6/dist-packages/tensorflow/python/training/saver.py:1276: checkpoint_exists (from tensorflow.python.training.checkpoint_management) is deprecated and will be removed in a future version.
Instructions for updating:
Use standard file APIs to check for files with this prefix.[0m
[32m18/11 14:00[0m [1;30mINFO[0m Restoring parameters from /home/jetson/wilfried/GazeML/outputs/ELG_i60x36_f60x36_n32_m2/checkpoints/hourglass/model-4672654
[32m18/11 14:00[0m [1;30mINFO[0m Restoring parameters from /home/jetson/wilfried/GazeML/outputs/ELG_i60x36_f60x36_n32_m2/checkpoints/radius/model-4672654
[32m20/11 10:35[0m [1;30mWARNING[0m [33mFrom /home/jetson/wilfried/GazeML/src/core/summary_manager.py:113: The name tf.summary.image is deprecated. Please use tf.compat.v1.summary.image instead.
[0m
[32m20/11 10:35[0m [1;30mWARNING[0m [33m
The TensorFlow contrib module will not be included in TensorFlow 2.0.
For more information, please see:
  * https://github.com/tensorflow/community/blob/master/rfcs/20180907-contrib-sunset.md
  * https://github.com/tensorflow/addons
  * https://github.com/tensorflow/io (for I/O related ops)
If you depend on functionality not listed there, please file an issue.
[0m
[32m20/11 10:35[0m [1;30mWARNING[0m [33mFrom /home/jetson/wilfried/GazeML/src/models/elg.py:151: conv2d (from tensorflow.python.layers.convolutional) is deprecated and will be removed in a future version.
Instructions for updating:
Use `tf.keras.layers.Conv2D` instead.[0m
[32m20/11 10:36[0m [1;30mWARNING[0m [33mFrom /home/jetson/wilfried/GazeML/src/models/elg.py:172: max_pooling2d (from tensorflow.python.layers.pooling) is deprecated and will be removed in a future version.
Instructions for updating:
Use keras.layers.MaxPooling2D instead.[0m
[32m20/11 10:36[0m [1;30mWARNING[0m [33mFrom /home/jetson/wilfried/GazeML/src/models/elg.py:237: The name tf.image.resize_bilinear is deprecated. Please use tf.compat.v1.image.resize_bilinear instead.
[0m
[32m20/11 10:36[0m [1;30mWARNING[0m [33mFrom /usr/local/lib/python3.6/dist-packages/tensorflow/contrib/layers/python/layers/layers.py:1637: flatten (from tensorflow.python.layers.core) is deprecated and will be removed in a future version.
Instructions for updating:
Use keras.layers.flatten instead.[0m
[32m20/11 10:36[0m [1;30mWARNING[0m [33mFrom /home/jetson/wilfried/GazeML/src/models/elg.py:162: dense (from tensorflow.python.layers.core) is deprecated and will be removed in a future version.
Instructions for updating:
Use keras.layers.dense instead.[0m
[32m20/11 10:36[0m [1;30mWARNING[0m [33mFrom /home/jetson/wilfried/GazeML/src/core/summary_manager.py:103: The name tf.summary.histogram is deprecated. Please use tf.compat.v1.summary.histogram instead.
[0m
[32m20/11 10:36[0m [1;30mINFO[0m Built model.
[32m20/11 10:36[0m [1;30mWARNING[0m [33mFrom /home/jetson/wilfried/GazeML/src/core/model.py:188: The name tf.profiler.profile is deprecated. Please use tf.compat.v1.profiler.profile instead.
[0m
[32m20/11 10:36[0m [1;30mWARNING[0m [33mFrom /home/jetson/wilfried/GazeML/src/core/model.py:189: The name tf.profiler.ProfileOptionBuilder is deprecated. Please use tf.compat.v1.profiler.ProfileOptionBuilder instead.
[0m
[32m20/11 10:36[0m [1;30mWARNING[0m [33mFrom /usr/local/lib/python3.6/dist-packages/tensorflow/python/profiler/internal/flops_registry.py:243: tensor_shape_from_node_def_name (from tensorflow.python.framework.graph_util_impl) is deprecated and will be removed in a future version.
Instructions for updating:
Use `tf.compat.v1.graph_util.tensor_shape_from_node_def_name`[0m
[32m20/11 10:37[0m [1;30mINFO[0m ------------------------------
[32m20/11 10:37[0m [1;30mINFO[0m  Approximate Model Statistics 
[32m20/11 10:37[0m [1;30mINFO[0m ------------------------------
[32m20/11 10:37[0m [1;30mINFO[0m FLOPS per input: 205,137,270.0
[32m20/11 10:37[0m [1;30mINFO[0m Trainable Parameters: 150,813
[32m20/11 10:37[0m [1;30mINFO[0m ------------------------------
[32m20/11 10:37[0m [1;30mWARNING[0m [33mFrom /home/jetson/wilfried/GazeML/src/core/checkpoint_manager.py:45: The name tf.train.Saver is deprecated. Please use tf.compat.v1.train.Saver instead.
[0m
[32m20/11 10:37[0m [1;30mWARNING[0m [33mFrom /usr/local/lib/python3.6/dist-packages/tensorflow/python/training/saver.py:1276: checkpoint_exists (from tensorflow.python.training.checkpoint_management) is deprecated and will be removed in a future version.
Instructions for updating:
Use standard file APIs to check for files with this prefix.[0m
[32m20/11 10:37[0m [1;30mINFO[0m Restoring parameters from /home/jetson/wilfried/GazeML/outputs/ELG_i60x36_f60x36_n32_m2/checkpoints/hourglass/model-4672654
[32m20/11 10:37[0m [1;30mINFO[0m Restoring parameters from /home/jetson/wilfried/GazeML/outputs/ELG_i60x36_f60x36_n32_m2/checkpoints/radius/model-4672654
[32m20/11 10:48[0m [1;30mWARNING[0m [33mFrom /home/jetson/wilfried/GazeML/src/core/summary_manager.py:113: The name tf.summary.image is deprecated. Please use tf.compat.v1.summary.image instead.
[0m
[32m20/11 10:48[0m [1;30mWARNING[0m [33m
The TensorFlow contrib module will not be included in TensorFlow 2.0.
For more information, please see:
  * https://github.com/tensorflow/community/blob/master/rfcs/20180907-contrib-sunset.md
  * https://github.com/tensorflow/addons
  * https://github.com/tensorflow/io (for I/O related ops)
If you depend on functionality not listed there, please file an issue.
[0m
[32m20/11 10:48[0m [1;30mWARNING[0m [33mFrom /home/jetson/wilfried/GazeML/src/models/elg.py:151: conv2d (from tensorflow.python.layers.convolutional) is deprecated and will be removed in a future version.
Instructions for updating:
Use `tf.keras.layers.Conv2D` instead.[0m
[32m20/11 10:48[0m [1;30mWARNING[0m [33mFrom /home/jetson/wilfried/GazeML/src/models/elg.py:172: max_pooling2d (from tensorflow.python.layers.pooling) is deprecated and will be removed in a future version.
Instructions for updating:
Use keras.layers.MaxPooling2D instead.[0m
[32m20/11 10:48[0m [1;30mWARNING[0m [33mFrom /home/jetson/wilfried/GazeML/src/models/elg.py:237: The name tf.image.resize_bilinear is deprecated. Please use tf.compat.v1.image.resize_bilinear instead.
[0m
[32m20/11 10:49[0m [1;30mWARNING[0m [33mFrom /usr/local/lib/python3.6/dist-packages/tensorflow/contrib/layers/python/layers/layers.py:1637: flatten (from tensorflow.python.layers.core) is deprecated and will be removed in a future version.
Instructions for updating:
Use keras.layers.flatten instead.[0m
[32m20/11 10:49[0m [1;30mWARNING[0m [33mFrom /home/jetson/wilfried/GazeML/src/models/elg.py:162: dense (from tensorflow.python.layers.core) is deprecated and will be removed in a future version.
Instructions for updating:
Use keras.layers.dense instead.[0m
[32m20/11 10:49[0m [1;30mWARNING[0m [33mFrom /home/jetson/wilfried/GazeML/src/core/summary_manager.py:103: The name tf.summary.histogram is deprecated. Please use tf.compat.v1.summary.histogram instead.
[0m
[32m20/11 10:49[0m [1;30mINFO[0m Built model.
[32m20/11 10:49[0m [1;30mWARNING[0m [33mFrom /home/jetson/wilfried/GazeML/src/core/model.py:188: The name tf.profiler.profile is deprecated. Please use tf.compat.v1.profiler.profile instead.
[0m
[32m20/11 10:49[0m [1;30mWARNING[0m [33mFrom /home/jetson/wilfried/GazeML/src/core/model.py:189: The name tf.profiler.ProfileOptionBuilder is deprecated. Please use tf.compat.v1.profiler.ProfileOptionBuilder instead.
[0m
[32m20/11 10:49[0m [1;30mWARNING[0m [33mFrom /usr/local/lib/python3.6/dist-packages/tensorflow/python/profiler/internal/flops_registry.py:243: tensor_shape_from_node_def_name (from tensorflow.python.framework.graph_util_impl) is deprecated and will be removed in a future version.
Instructions for updating:
Use `tf.compat.v1.graph_util.tensor_shape_from_node_def_name`[0m
[32m20/11 10:49[0m [1;30mINFO[0m ------------------------------
[32m20/11 10:49[0m [1;30mINFO[0m  Approximate Model Statistics 
[32m20/11 10:49[0m [1;30mINFO[0m ------------------------------
[32m20/11 10:49[0m [1;30mINFO[0m FLOPS per input: 205,137,270.0
[32m20/11 10:49[0m [1;30mINFO[0m Trainable Parameters: 150,813
[32m20/11 10:49[0m [1;30mINFO[0m ------------------------------
[32m20/11 11:48[0m [1;30mWARNING[0m [33mFrom /home/jetson/wilfried/GazeML/src/core/checkpoint_manager.py:45: The name tf.train.Saver is deprecated. Please use tf.compat.v1.train.Saver instead.
[0m
[32m20/11 12:48[0m [1;30mWARNING[0m [33mFrom /home/jetson/wilfried/GazeML/src/core/summary_manager.py:113: The name tf.summary.image is deprecated. Please use tf.compat.v1.summary.image instead.
[0m
[32m20/11 12:48[0m [1;30mWARNING[0m [33m
The TensorFlow contrib module will not be included in TensorFlow 2.0.
For more information, please see:
  * https://github.com/tensorflow/community/blob/master/rfcs/20180907-contrib-sunset.md
  * https://github.com/tensorflow/addons
  * https://github.com/tensorflow/io (for I/O related ops)
If you depend on functionality not listed there, please file an issue.
[0m
[32m20/11 12:48[0m [1;30mWARNING[0m [33mFrom /home/jetson/wilfried/GazeML/src/models/elg.py:151: conv2d (from tensorflow.python.layers.convolutional) is deprecated and will be removed in a future version.
Instructions for updating:
Use `tf.keras.layers.Conv2D` instead.[0m
[32m20/11 12:49[0m [1;30mWARNING[0m [33mFrom /home/jetson/wilfried/GazeML/src/models/elg.py:172: max_pooling2d (from tensorflow.python.layers.pooling) is deprecated and will be removed in a future version.
Instructions for updating:
Use keras.layers.MaxPooling2D instead.[0m
[32m20/11 12:49[0m [1;30mWARNING[0m [33mFrom /home/jetson/wilfried/GazeML/src/models/elg.py:237: The name tf.image.resize_bilinear is deprecated. Please use tf.compat.v1.image.resize_bilinear instead.
[0m
[32m20/11 12:49[0m [1;30mWARNING[0m [33mFrom /usr/local/lib/python3.6/dist-packages/tensorflow/contrib/layers/python/layers/layers.py:1637: flatten (from tensorflow.python.layers.core) is deprecated and will be removed in a future version.
Instructions for updating:
Use keras.layers.flatten instead.[0m
[32m20/11 12:49[0m [1;30mWARNING[0m [33mFrom /home/jetson/wilfried/GazeML/src/models/elg.py:162: dense (from tensorflow.python.layers.core) is deprecated and will be removed in a future version.
Instructions for updating:
Use keras.layers.dense instead.[0m
[32m20/11 12:50[0m [1;30mWARNING[0m [33mFrom /home/jetson/wilfried/GazeML/src/core/summary_manager.py:103: The name tf.summary.histogram is deprecated. Please use tf.compat.v1.summary.histogram instead.
[0m
[32m20/11 12:50[0m [1;30mINFO[0m Built model.
[32m20/11 12:50[0m [1;30mWARNING[0m [33mFrom /home/jetson/wilfried/GazeML/src/core/model.py:188: The name tf.profiler.profile is deprecated. Please use tf.compat.v1.profiler.profile instead.
[0m
[32m20/11 12:50[0m [1;30mWARNING[0m [33mFrom /home/jetson/wilfried/GazeML/src/core/model.py:189: The name tf.profiler.ProfileOptionBuilder is deprecated. Please use tf.compat.v1.profiler.ProfileOptionBuilder instead.
[0m
[32m20/11 12:50[0m [1;30mWARNING[0m [33mFrom /usr/local/lib/python3.6/dist-packages/tensorflow/python/profiler/internal/flops_registry.py:243: tensor_shape_from_node_def_name (from tensorflow.python.framework.graph_util_impl) is deprecated and will be removed in a future version.
Instructions for updating:
Use `tf.compat.v1.graph_util.tensor_shape_from_node_def_name`[0m
[32m20/11 12:50[0m [1;30mINFO[0m ------------------------------
[32m20/11 12:50[0m [1;30mINFO[0m  Approximate Model Statistics 
[32m20/11 12:50[0m [1;30mINFO[0m ------------------------------
[32m20/11 12:50[0m [1;30mINFO[0m FLOPS per input: 205,137,270.0
[32m20/11 12:50[0m [1;30mINFO[0m Trainable Parameters: 150,813
[32m20/11 12:50[0m [1;30mINFO[0m ------------------------------
[32m20/11 12:51[0m [1;30mWARNING[0m [33mFrom /home/jetson/wilfried/GazeML/src/core/checkpoint_manager.py:45: The name tf.train.Saver is deprecated. Please use tf.compat.v1.train.Saver instead.
[0m
[32m20/11 12:51[0m [1;30mWARNING[0m [33mFrom /usr/local/lib/python3.6/dist-packages/tensorflow/python/training/saver.py:1276: checkpoint_exists (from tensorflow.python.training.checkpoint_management) is deprecated and will be removed in a future version.
Instructions for updating:
Use standard file APIs to check for files with this prefix.[0m
[32m20/11 12:51[0m [1;30mINFO[0m Restoring parameters from /home/jetson/wilfried/GazeML/outputs/ELG_i60x36_f60x36_n32_m2/checkpoints/hourglass/model-4672654
[32m20/11 12:51[0m [1;30mINFO[0m Restoring parameters from /home/jetson/wilfried/GazeML/outputs/ELG_i60x36_f60x36_n32_m2/checkpoints/radius/model-4672654
[32m20/11 12:59[0m [1;30mWARNING[0m [33mFrom /home/jetson/wilfried/GazeML/src/core/summary_manager.py:113: The name tf.summary.image is deprecated. Please use tf.compat.v1.summary.image instead.
[0m
[32m20/11 12:59[0m [1;30mWARNING[0m [33m
The TensorFlow contrib module will not be included in TensorFlow 2.0.
For more information, please see:
  * https://github.com/tensorflow/community/blob/master/rfcs/20180907-contrib-sunset.md
  * https://github.com/tensorflow/addons
  * https://github.com/tensorflow/io (for I/O related ops)
If you depend on functionality not listed there, please file an issue.
[0m
[32m20/11 12:59[0m [1;30mWARNING[0m [33mFrom /home/jetson/wilfried/GazeML/src/models/elg.py:151: conv2d (from tensorflow.python.layers.convolutional) is deprecated and will be removed in a future version.
Instructions for updating:
Use `tf.keras.layers.Conv2D` instead.[0m
[32m20/11 12:59[0m [1;30mWARNING[0m [33mFrom /home/jetson/wilfried/GazeML/src/models/elg.py:172: max_pooling2d (from tensorflow.python.layers.pooling) is deprecated and will be removed in a future version.
Instructions for updating:
Use keras.layers.MaxPooling2D instead.[0m
[32m20/11 12:59[0m [1;30mWARNING[0m [33mFrom /home/jetson/wilfried/GazeML/src/models/elg.py:237: The name tf.image.resize_bilinear is deprecated. Please use tf.compat.v1.image.resize_bilinear instead.
[0m
[32m20/11 13:00[0m [1;30mWARNING[0m [33mFrom /usr/local/lib/python3.6/dist-packages/tensorflow/contrib/layers/python/layers/layers.py:1637: flatten (from tensorflow.python.layers.core) is deprecated and will be removed in a future version.
Instructions for updating:
Use keras.layers.flatten instead.[0m
[32m20/11 13:00[0m [1;30mWARNING[0m [33mFrom /home/jetson/wilfried/GazeML/src/models/elg.py:162: dense (from tensorflow.python.layers.core) is deprecated and will be removed in a future version.
Instructions for updating:
Use keras.layers.dense instead.[0m
[32m20/11 13:00[0m [1;30mWARNING[0m [33mFrom /home/jetson/wilfried/GazeML/src/core/summary_manager.py:103: The name tf.summary.histogram is deprecated. Please use tf.compat.v1.summary.histogram instead.
[0m
[32m20/11 13:00[0m [1;30mINFO[0m Built model.
[32m20/11 13:00[0m [1;30mWARNING[0m [33mFrom /home/jetson/wilfried/GazeML/src/core/model.py:188: The name tf.profiler.profile is deprecated. Please use tf.compat.v1.profiler.profile instead.
[0m
[32m20/11 13:00[0m [1;30mWARNING[0m [33mFrom /home/jetson/wilfried/GazeML/src/core/model.py:189: The name tf.profiler.ProfileOptionBuilder is deprecated. Please use tf.compat.v1.profiler.ProfileOptionBuilder instead.
[0m
[32m20/11 13:00[0m [1;30mWARNING[0m [33mFrom /usr/local/lib/python3.6/dist-packages/tensorflow/python/profiler/internal/flops_registry.py:243: tensor_shape_from_node_def_name (from tensorflow.python.framework.graph_util_impl) is deprecated and will be removed in a future version.
Instructions for updating:
Use `tf.compat.v1.graph_util.tensor_shape_from_node_def_name`[0m
[32m20/11 13:00[0m [1;30mINFO[0m ------------------------------
[32m20/11 13:00[0m [1;30mINFO[0m  Approximate Model Statistics 
[32m20/11 13:00[0m [1;30mINFO[0m ------------------------------
[32m20/11 13:00[0m [1;30mINFO[0m FLOPS per input: 205,137,270.0
[32m20/11 13:00[0m [1;30mINFO[0m Trainable Parameters: 150,813
[32m20/11 13:00[0m [1;30mINFO[0m ------------------------------
[32m20/11 13:00[0m [1;30mWARNING[0m [33mFrom /home/jetson/wilfried/GazeML/src/core/checkpoint_manager.py:45: The name tf.train.Saver is deprecated. Please use tf.compat.v1.train.Saver instead.
[0m
[32m20/11 13:41[0m [1;30mWARNING[0m [33mFrom /home/jetson/wilfried/GazeML/src/core/summary_manager.py:113: The name tf.summary.image is deprecated. Please use tf.compat.v1.summary.image instead.
[0m
[32m20/11 13:41[0m [1;30mWARNING[0m [33m
The TensorFlow contrib module will not be included in TensorFlow 2.0.
For more information, please see:
  * https://github.com/tensorflow/community/blob/master/rfcs/20180907-contrib-sunset.md
  * https://github.com/tensorflow/addons
  * https://github.com/tensorflow/io (for I/O related ops)
If you depend on functionality not listed there, please file an issue.
[0m
[32m20/11 13:41[0m [1;30mWARNING[0m [33mFrom /home/jetson/wilfried/GazeML/src/models/elg.py:151: conv2d (from tensorflow.python.layers.convolutional) is deprecated and will be removed in a future version.
Instructions for updating:
Use `tf.keras.layers.Conv2D` instead.[0m
[32m20/11 13:41[0m [1;30mWARNING[0m [33mFrom /home/jetson/wilfried/GazeML/src/models/elg.py:172: max_pooling2d (from tensorflow.python.layers.pooling) is deprecated and will be removed in a future version.
Instructions for updating:
Use keras.layers.MaxPooling2D instead.[0m
[32m20/11 13:41[0m [1;30mWARNING[0m [33mFrom /home/jetson/wilfried/GazeML/src/models/elg.py:237: The name tf.image.resize_bilinear is deprecated. Please use tf.compat.v1.image.resize_bilinear instead.
[0m
[32m20/11 13:42[0m [1;30mWARNING[0m [33mFrom /usr/local/lib/python3.6/dist-packages/tensorflow/contrib/layers/python/layers/layers.py:1637: flatten (from tensorflow.python.layers.core) is deprecated and will be removed in a future version.
Instructions for updating:
Use keras.layers.flatten instead.[0m
[32m20/11 13:42[0m [1;30mWARNING[0m [33mFrom /home/jetson/wilfried/GazeML/src/models/elg.py:162: dense (from tensorflow.python.layers.core) is deprecated and will be removed in a future version.
Instructions for updating:
Use keras.layers.dense instead.[0m
[32m20/11 13:42[0m [1;30mWARNING[0m [33mFrom /home/jetson/wilfried/GazeML/src/core/summary_manager.py:103: The name tf.summary.histogram is deprecated. Please use tf.compat.v1.summary.histogram instead.
[0m
[32m20/11 13:42[0m [1;30mINFO[0m Built model.
[32m20/11 13:42[0m [1;30mWARNING[0m [33mFrom /home/jetson/wilfried/GazeML/src/core/model.py:188: The name tf.profiler.profile is deprecated. Please use tf.compat.v1.profiler.profile instead.
[0m
[32m20/11 13:42[0m [1;30mWARNING[0m [33mFrom /home/jetson/wilfried/GazeML/src/core/model.py:189: The name tf.profiler.ProfileOptionBuilder is deprecated. Please use tf.compat.v1.profiler.ProfileOptionBuilder instead.
[0m
[32m20/11 13:42[0m [1;30mWARNING[0m [33mFrom /usr/local/lib/python3.6/dist-packages/tensorflow/python/profiler/internal/flops_registry.py:243: tensor_shape_from_node_def_name (from tensorflow.python.framework.graph_util_impl) is deprecated and will be removed in a future version.
Instructions for updating:
Use `tf.compat.v1.graph_util.tensor_shape_from_node_def_name`[0m
[32m20/11 13:42[0m [1;30mINFO[0m ------------------------------
[32m20/11 13:42[0m [1;30mINFO[0m  Approximate Model Statistics 
[32m20/11 13:42[0m [1;30mINFO[0m ------------------------------
[32m20/11 13:42[0m [1;30mINFO[0m FLOPS per input: 205,137,270.0
[32m20/11 13:42[0m [1;30mINFO[0m Trainable Parameters: 150,813
[32m20/11 13:42[0m [1;30mINFO[0m ------------------------------
[32m20/11 13:42[0m [1;30mWARNING[0m [33mFrom /home/jetson/wilfried/GazeML/src/core/checkpoint_manager.py:45: The name tf.train.Saver is deprecated. Please use tf.compat.v1.train.Saver instead.
[0m
[32m20/11 13:43[0m [1;30mWARNING[0m [33mFrom /usr/local/lib/python3.6/dist-packages/tensorflow/python/training/saver.py:1276: checkpoint_exists (from tensorflow.python.training.checkpoint_management) is deprecated and will be removed in a future version.
Instructions for updating:
Use standard file APIs to check for files with this prefix.[0m
[32m20/11 13:43[0m [1;30mINFO[0m Restoring parameters from /home/jetson/wilfried/GazeML/outputs/ELG_i60x36_f60x36_n32_m2/checkpoints/hourglass/model-4672654
[32m20/11 13:43[0m [1;30mINFO[0m Restoring parameters from /home/jetson/wilfried/GazeML/outputs/ELG_i60x36_f60x36_n32_m2/checkpoints/radius/model-4672654
[32m20/11 15:19[0m [1;30mINFO[0m Restoring parameters from /home/jetson/wilfried/GazeML/outputs/ELG_i60x36_f60x36_n32_m2/checkpoints/hourglass/model-4672654
[32m20/11 15:19[0m [1;30mINFO[0m Restoring parameters from /home/jetson/wilfried/GazeML/outputs/ELG_i60x36_f60x36_n32_m2/checkpoints/radius/model-4672654
[32m20/11 15:31[0m [1;30mINFO[0m Restoring parameters from /home/jetson/wilfried/GazeML/outputs/ELG_i60x36_f60x36_n32_m2/checkpoints/hourglass/model-4672654
[32m20/11 15:31[0m [1;30mINFO[0m Restoring parameters from /home/jetson/wilfried/GazeML/outputs/ELG_i60x36_f60x36_n32_m2/checkpoints/radius/model-4672654
[32m20/11 15:45[0m [1;30mWARNING[0m [33mFrom /home/jetson/wilfried/GazeML/src/core/summary_manager.py:113: The name tf.summary.image is deprecated. Please use tf.compat.v1.summary.image instead.
[0m
[32m20/11 15:46[0m [1;30mWARNING[0m [33m
The TensorFlow contrib module will not be included in TensorFlow 2.0.
For more information, please see:
  * https://github.com/tensorflow/community/blob/master/rfcs/20180907-contrib-sunset.md
  * https://github.com/tensorflow/addons
  * https://github.com/tensorflow/io (for I/O related ops)
If you depend on functionality not listed there, please file an issue.
[0m
[32m20/11 15:46[0m [1;30mWARNING[0m [33mFrom /home/jetson/wilfried/GazeML/src/models/elg.py:151: conv2d (from tensorflow.python.layers.convolutional) is deprecated and will be removed in a future version.
Instructions for updating:
Use `tf.keras.layers.Conv2D` instead.[0m
[32m20/11 15:46[0m [1;30mWARNING[0m [33mFrom /home/jetson/wilfried/GazeML/src/models/elg.py:172: max_pooling2d (from tensorflow.python.layers.pooling) is deprecated and will be removed in a future version.
Instructions for updating:
Use keras.layers.MaxPooling2D instead.[0m
[32m20/11 15:47[0m [1;30mWARNING[0m [33mFrom /home/jetson/wilfried/GazeML/src/models/elg.py:237: The name tf.image.resize_bilinear is deprecated. Please use tf.compat.v1.image.resize_bilinear instead.
[0m
[32m20/11 15:47[0m [1;30mWARNING[0m [33mFrom /usr/local/lib/python3.6/dist-packages/tensorflow/contrib/layers/python/layers/layers.py:1637: flatten (from tensorflow.python.layers.core) is deprecated and will be removed in a future version.
Instructions for updating:
Use keras.layers.flatten instead.[0m
[32m20/11 15:47[0m [1;30mWARNING[0m [33mFrom /home/jetson/wilfried/GazeML/src/models/elg.py:162: dense (from tensorflow.python.layers.core) is deprecated and will be removed in a future version.
Instructions for updating:
Use keras.layers.dense instead.[0m
[32m20/11 15:47[0m [1;30mWARNING[0m [33mFrom /home/jetson/wilfried/GazeML/src/core/summary_manager.py:103: The name tf.summary.histogram is deprecated. Please use tf.compat.v1.summary.histogram instead.
[0m
[32m20/11 15:47[0m [1;30mINFO[0m Built model.
[32m20/11 15:47[0m [1;30mWARNING[0m [33mFrom /home/jetson/wilfried/GazeML/src/core/model.py:188: The name tf.profiler.profile is deprecated. Please use tf.compat.v1.profiler.profile instead.
[0m
[32m20/11 15:47[0m [1;30mWARNING[0m [33mFrom /home/jetson/wilfried/GazeML/src/core/model.py:189: The name tf.profiler.ProfileOptionBuilder is deprecated. Please use tf.compat.v1.profiler.ProfileOptionBuilder instead.
[0m
[32m20/11 15:47[0m [1;30mWARNING[0m [33mFrom /usr/local/lib/python3.6/dist-packages/tensorflow/python/profiler/internal/flops_registry.py:243: tensor_shape_from_node_def_name (from tensorflow.python.framework.graph_util_impl) is deprecated and will be removed in a future version.
Instructions for updating:
Use `tf.compat.v1.graph_util.tensor_shape_from_node_def_name`[0m
[32m20/11 15:48[0m [1;30mINFO[0m ------------------------------
[32m20/11 15:48[0m [1;30mINFO[0m  Approximate Model Statistics 
[32m20/11 15:48[0m [1;30mINFO[0m ------------------------------
[32m20/11 15:48[0m [1;30mINFO[0m FLOPS per input: 205,137,270.0
[32m20/11 15:48[0m [1;30mINFO[0m Trainable Parameters: 150,813
[32m20/11 15:48[0m [1;30mINFO[0m ------------------------------
[32m20/11 15:48[0m [1;30mWARNING[0m [33mFrom /home/jetson/wilfried/GazeML/src/core/checkpoint_manager.py:45: The name tf.train.Saver is deprecated. Please use tf.compat.v1.train.Saver instead.
[0m
[32m20/11 15:48[0m [1;30mWARNING[0m [33mFrom /usr/local/lib/python3.6/dist-packages/tensorflow/python/training/saver.py:1276: checkpoint_exists (from tensorflow.python.training.checkpoint_management) is deprecated and will be removed in a future version.
Instructions for updating:
Use standard file APIs to check for files with this prefix.[0m
[32m20/11 15:48[0m [1;30mINFO[0m Restoring parameters from /home/jetson/wilfried/GazeML/outputs/ELG_i60x36_f60x36_n32_m2/checkpoints/hourglass/model-4672654
[32m20/11 15:48[0m [1;30mINFO[0m Restoring parameters from /home/jetson/wilfried/GazeML/outputs/ELG_i60x36_f60x36_n32_m2/checkpoints/radius/model-4672654
[32m20/11 15:49[0m [1;30mINFO[0m Restoring parameters from /home/jetson/wilfried/GazeML/outputs/ELG_i60x36_f60x36_n32_m2/checkpoints/hourglass/model-4672654
[32m20/11 15:49[0m [1;30mINFO[0m Restoring parameters from /home/jetson/wilfried/GazeML/outputs/ELG_i60x36_f60x36_n32_m2/checkpoints/radius/model-4672654
[32m20/11 16:20[0m [1;30mINFO[0m Restoring parameters from /home/jetson/wilfried/GazeML/outputs/ELG_i60x36_f60x36_n32_m2/checkpoints/hourglass/model-4672654
[32m20/11 16:20[0m [1;30mINFO[0m Restoring parameters from /home/jetson/wilfried/GazeML/outputs/ELG_i60x36_f60x36_n32_m2/checkpoints/radius/model-4672654
[32m20/11 16:53[0m [1;30mINFO[0m Restoring parameters from frozen/tensorflowmodel.ckpt
[32m20/11 16:53[0m [1;30mWARNING[0m [33mFrom /usr/local/lib/python3.6/dist-packages/tensorflow/python/tools/freeze_graph.py:233: convert_variables_to_constants (from tensorflow.python.framework.graph_util_impl) is deprecated and will be removed in a future version.
Instructions for updating:
Use `tf.compat.v1.graph_util.convert_variables_to_constants`[0m
[32m20/11 16:53[0m [1;30mWARNING[0m [33mFrom /usr/local/lib/python3.6/dist-packages/tensorflow/python/framework/graph_util_impl.py:270: extract_sub_graph (from tensorflow.python.framework.graph_util_impl) is deprecated and will be removed in a future version.
Instructions for updating:
Use `tf.compat.v1.graph_util.extract_sub_graph`[0m
