[32m20/11 08:50[0m [1;30mWARNING[0m [33mFrom /home/jetson/wilfried/GazeML/src/core/summary_manager.py:113: The name tf.summary.image is deprecated. Please use tf.compat.v1.summary.image instead.
[0m
[32m20/11 08:51[0m [1;30mWARNING[0m [33m
The TensorFlow contrib module will not be included in TensorFlow 2.0.
For more information, please see:
  * https://github.com/tensorflow/community/blob/master/rfcs/20180907-contrib-sunset.md
  * https://github.com/tensorflow/addons
  * https://github.com/tensorflow/io (for I/O related ops)
If you depend on functionality not listed there, please file an issue.
[0m
[32m20/11 08:51[0m [1;30mWARNING[0m [33mFrom /home/jetson/wilfried/GazeML/src/models/elg.py:151: conv2d (from tensorflow.python.layers.convolutional) is deprecated and will be removed in a future version.
Instructions for updating:
Use `tf.keras.layers.Conv2D` instead.[0m
[32m20/11 08:51[0m [1;30mWARNING[0m [33mFrom /home/jetson/wilfried/GazeML/src/models/elg.py:172: max_pooling2d (from tensorflow.python.layers.pooling) is deprecated and will be removed in a future version.
Instructions for updating:
Use keras.layers.MaxPooling2D instead.[0m
[32m20/11 08:51[0m [1;30mWARNING[0m [33mFrom /home/jetson/wilfried/GazeML/src/models/elg.py:237: The name tf.image.resize_bilinear is deprecated. Please use tf.compat.v1.image.resize_bilinear instead.
[0m
[32m20/11 08:52[0m [1;30mWARNING[0m [33mFrom /usr/local/lib/python3.6/dist-packages/tensorflow/contrib/layers/python/layers/layers.py:1637: flatten (from tensorflow.python.layers.core) is deprecated and will be removed in a future version.
Instructions for updating:
Use keras.layers.flatten instead.[0m
[32m20/11 08:52[0m [1;30mWARNING[0m [33mFrom /home/jetson/wilfried/GazeML/src/models/elg.py:162: dense (from tensorflow.python.layers.core) is deprecated and will be removed in a future version.
Instructions for updating:
Use keras.layers.dense instead.[0m
[32m20/11 08:52[0m [1;30mWARNING[0m [33mFrom /home/jetson/wilfried/GazeML/src/core/summary_manager.py:103: The name tf.summary.histogram is deprecated. Please use tf.compat.v1.summary.histogram instead.
[0m
[32m20/11 08:52[0m [1;30mINFO[0m Built model.
[32m20/11 08:52[0m [1;30mWARNING[0m [33mFrom /home/jetson/wilfried/GazeML/src/core/model.py:188: The name tf.profiler.profile is deprecated. Please use tf.compat.v1.profiler.profile instead.
[0m
[32m20/11 08:52[0m [1;30mWARNING[0m [33mFrom /home/jetson/wilfried/GazeML/src/core/model.py:189: The name tf.profiler.ProfileOptionBuilder is deprecated. Please use tf.compat.v1.profiler.ProfileOptionBuilder instead.
[0m
[32m20/11 08:52[0m [1;30mWARNING[0m [33mFrom /usr/local/lib/python3.6/dist-packages/tensorflow/python/profiler/internal/flops_registry.py:243: tensor_shape_from_node_def_name (from tensorflow.python.framework.graph_util_impl) is deprecated and will be removed in a future version.
Instructions for updating:
Use `tf.compat.v1.graph_util.tensor_shape_from_node_def_name`[0m
[32m20/11 08:53[0m [1;30mINFO[0m ------------------------------
[32m20/11 08:53[0m [1;30mINFO[0m  Approximate Model Statistics 
[32m20/11 08:53[0m [1;30mINFO[0m ------------------------------
[32m20/11 08:53[0m [1;30mINFO[0m FLOPS per input: 1,005,730,023.0
[32m20/11 08:53[0m [1;30mINFO[0m Trainable Parameters: 712,527
[32m20/11 08:53[0m [1;30mINFO[0m ------------------------------
[32m20/11 09:48[0m [1;30mWARNING[0m [33mFrom /home/jetson/wilfried/GazeML/src/core/checkpoint_manager.py:45: The name tf.train.Saver is deprecated. Please use tf.compat.v1.train.Saver instead.
[0m
[32m20/11 10:23[0m [1;30mWARNING[0m [33mFrom /home/jetson/wilfried/GazeML/src/core/summary_manager.py:113: The name tf.summary.image is deprecated. Please use tf.compat.v1.summary.image instead.
[0m
[32m20/11 10:24[0m [1;30mWARNING[0m [33m
The TensorFlow contrib module will not be included in TensorFlow 2.0.
For more information, please see:
  * https://github.com/tensorflow/community/blob/master/rfcs/20180907-contrib-sunset.md
  * https://github.com/tensorflow/addons
  * https://github.com/tensorflow/io (for I/O related ops)
If you depend on functionality not listed there, please file an issue.
[0m
[32m20/11 10:24[0m [1;30mWARNING[0m [33mFrom /home/jetson/wilfried/GazeML/src/models/elg.py:151: conv2d (from tensorflow.python.layers.convolutional) is deprecated and will be removed in a future version.
Instructions for updating:
Use `tf.keras.layers.Conv2D` instead.[0m
[32m20/11 10:24[0m [1;30mWARNING[0m [33mFrom /home/jetson/wilfried/GazeML/src/models/elg.py:172: max_pooling2d (from tensorflow.python.layers.pooling) is deprecated and will be removed in a future version.
Instructions for updating:
Use keras.layers.MaxPooling2D instead.[0m
[32m20/11 10:24[0m [1;30mWARNING[0m [33mFrom /home/jetson/wilfried/GazeML/src/models/elg.py:237: The name tf.image.resize_bilinear is deprecated. Please use tf.compat.v1.image.resize_bilinear instead.
[0m
[32m20/11 10:25[0m [1;30mWARNING[0m [33mFrom /usr/local/lib/python3.6/dist-packages/tensorflow/contrib/layers/python/layers/layers.py:1637: flatten (from tensorflow.python.layers.core) is deprecated and will be removed in a future version.
Instructions for updating:
Use keras.layers.flatten instead.[0m
[32m20/11 10:25[0m [1;30mWARNING[0m [33mFrom /home/jetson/wilfried/GazeML/src/models/elg.py:162: dense (from tensorflow.python.layers.core) is deprecated and will be removed in a future version.
Instructions for updating:
Use keras.layers.dense instead.[0m
[32m20/11 10:25[0m [1;30mWARNING[0m [33mFrom /home/jetson/wilfried/GazeML/src/core/summary_manager.py:103: The name tf.summary.histogram is deprecated. Please use tf.compat.v1.summary.histogram instead.
[0m
[32m20/11 10:25[0m [1;30mINFO[0m Built model.
[32m20/11 10:25[0m [1;30mWARNING[0m [33mFrom /home/jetson/wilfried/GazeML/src/core/model.py:188: The name tf.profiler.profile is deprecated. Please use tf.compat.v1.profiler.profile instead.
[0m
[32m20/11 10:25[0m [1;30mWARNING[0m [33mFrom /home/jetson/wilfried/GazeML/src/core/model.py:189: The name tf.profiler.ProfileOptionBuilder is deprecated. Please use tf.compat.v1.profiler.ProfileOptionBuilder instead.
[0m
[32m20/11 10:25[0m [1;30mWARNING[0m [33mFrom /usr/local/lib/python3.6/dist-packages/tensorflow/python/profiler/internal/flops_registry.py:243: tensor_shape_from_node_def_name (from tensorflow.python.framework.graph_util_impl) is deprecated and will be removed in a future version.
Instructions for updating:
Use `tf.compat.v1.graph_util.tensor_shape_from_node_def_name`[0m
[32m20/11 10:26[0m [1;30mINFO[0m ------------------------------
[32m20/11 10:26[0m [1;30mINFO[0m  Approximate Model Statistics 
[32m20/11 10:26[0m [1;30mINFO[0m ------------------------------
[32m20/11 10:26[0m [1;30mINFO[0m FLOPS per input: 1,005,730,023.0
[32m20/11 10:26[0m [1;30mINFO[0m Trainable Parameters: 712,527
[32m20/11 10:26[0m [1;30mINFO[0m ------------------------------
[32m20/11 10:26[0m [1;30mWARNING[0m [33mFrom /home/jetson/wilfried/GazeML/src/core/checkpoint_manager.py:45: The name tf.train.Saver is deprecated. Please use tf.compat.v1.train.Saver instead.
[0m
[32m20/11 10:26[0m [1;30mWARNING[0m [33mFrom /usr/local/lib/python3.6/dist-packages/tensorflow/python/training/saver.py:1276: checkpoint_exists (from tensorflow.python.training.checkpoint_management) is deprecated and will be removed in a future version.
Instructions for updating:
Use standard file APIs to check for files with this prefix.[0m
[32m20/11 10:26[0m [1;30mINFO[0m Restoring parameters from /home/jetson/wilfried/GazeML/outputs/ELG_i180x108_f60x36_n64_m3/checkpoints/hourglass/model-4203370
[32m20/11 10:27[0m [1;30mINFO[0m Restoring parameters from /home/jetson/wilfried/GazeML/outputs/ELG_i180x108_f60x36_n64_m3/checkpoints/radius/model-4203370
